2025-09-25 02:06:37,993 - masks_logger - INFO: Проверка наличия номера карты
2025-09-25 02:06:37,993 - masks_logger - INFO: Проверка номера карты на соответствие формату
2025-09-25 02:06:37,993 - masks_logger - INFO: Номер введен корректно, сформирован зашифрованный номер карты
2025-09-25 02:06:37,993 - masks_logger - INFO: Проверка наличия номера карты
2025-09-25 02:06:37,993 - masks_logger - INFO: Проверка номера карты на соответствие формату
2025-09-25 02:06:37,993 - masks_logger - ERROR: Неверный формат номера карты
2025-09-25 02:06:37,994 - masks_logger - INFO: Проверка наличия номера карты
2025-09-25 02:06:37,994 - masks_logger - INFO: Проверка номера карты на соответствие формату
2025-09-25 02:06:37,994 - masks_logger - ERROR: Неверное количество символов
2025-09-25 02:06:37,994 - masks_logger - INFO: Проверка наличия номера карты
2025-09-25 02:06:37,994 - masks_logger - ERROR: Отсутствует номер карты
2025-09-25 02:06:37,995 - masks_logger - INFO: Проверка наличия номера счета
2025-09-25 02:06:37,996 - masks_logger - INFO: Проверка номера счета на соответствие формату
2025-09-25 02:06:37,996 - masks_logger - INFO: Номер введен корректно, сформирован зашифрованный номер счета
2025-09-25 02:06:37,996 - masks_logger - INFO: Проверка наличия номера счета
2025-09-25 02:06:37,996 - masks_logger - INFO: Проверка номера счета на соответствие формату
2025-09-25 02:06:37,996 - masks_logger - ERROR: Неверный формат номера счета
2025-09-25 02:06:37,996 - masks_logger - INFO: Проверка наличия номера счета
2025-09-25 02:06:37,996 - masks_logger - INFO: Проверка номера счета на соответствие формату
2025-09-25 02:06:37,996 - masks_logger - INFO: Номер введен корректно, сформирован зашифрованный номер счета
2025-09-25 02:06:37,996 - masks_logger - ERROR: Неверное количество символов
2025-09-25 02:06:37,996 - masks_logger - INFO: Проверка наличия номера счета
2025-09-25 02:06:37,996 - masks_logger - ERROR: Отсутствует номер счета
2025-09-25 02:06:38,017 - masks_logger - INFO: Проверка наличия номера карты
2025-09-25 02:06:38,017 - masks_logger - INFO: Проверка номера карты на соответствие формату
2025-09-25 02:06:38,017 - masks_logger - INFO: Номер введен корректно, сформирован зашифрованный номер карты
2025-09-25 02:06:38,019 - masks_logger - INFO: Проверка наличия номера счета
2025-09-25 02:06:38,019 - masks_logger - INFO: Проверка номера счета на соответствие формату
2025-09-25 02:06:38,019 - masks_logger - INFO: Номер введен корректно, сформирован зашифрованный номер счета
